<?xml version="1.0" encoding="UTF-8"?>
<!-- Generated by org.testng.reporters.JUnitXMLReporter -->
<testsuite hostname="krish" ignored="0" name="Default test" tests="3" failures="0" timestamp="2024-01-11T08:28:44 IST" time="22.242" errors="0">
  <testcase name="DataProvSampleTest" time="9.575" classname="dataprovider.d1"/>
  <testcase name="DataProvSampleTest" time="6.328" classname="dataprovider.d1"/>
  <testcase name="DataProvSampleTest" time="6.289" classname="dataprovider.d1"/>
</testsuite> <!-- Default test -->
